list: [PhysicalDevice(name='/physical_device:GPU:0', device_type='GPU'), PhysicalDevice(name='/physical_device:GPU:1', device_type='GPU')]
GPU: [PhysicalDevice(name='/physical_device:GPU:0', device_type='GPU'), PhysicalDevice(name='/physical_device:GPU:1', device_type='GPU')]
Dataset: MIMIC-CXR
Model: ./base-models/simclr/r152_2x_sk1/hub/
Epochs: 10
Batch size: 64
Image size: (448, 448)
Shape of features array: (64, 448, 448, 3)
Shape of labels array: (64, 14)
Model: "sequential"
_________________________________________________________________
Layer (type)                 Output Shape              Param #   
=================================================================
keras_layer (KerasLayer)     (None, 4096)              391961768 
_________________________________________________________________
multi-label_classifier (Dens (None, 14)                57358     
=================================================================
Total params: 392,019,126
Trainable params: 57,358
Non-trainable params: 391,961,768
_________________________________________________________________
None
